<?xml version="1.0" encoding="UTF-8"?>
<!-- Generated by org.testng.reporters.JUnitXMLReporter -->
<testsuite hostname="EACC33" name="Default test" tests="3" failures="0" timestamp="23 Jul 2020 23:25:08 GMT" time="80.16" errors="0">
  <testcase name="verifyPageTitleTest" time="13.523" classname="com.qa.hubspot.tests.LoginPageTest"/>
  <testcase name="verifySignUpLink" time="2.48" classname="com.qa.hubspot.tests.LoginPageTest"/>
  <testcase name="loginTest" time="19.69" classname="com.qa.hubspot.tests.LoginPageTest"/>
</testsuite> <!-- Default test -->
