<?xml version="1.0" encoding="UTF-8"?>
<!-- Generated by org.testng.reporters.JUnitXMLReporter -->
<testsuite hostname="EACC33" name="HubSpot Fuctional Regression Test" tests="3" failures="0" timestamp="22 Jul 2020 00:10:21 GMT" time="49.02" errors="0">
  <testcase name="verifyPageTitleTest" time="8.922" classname="com.qa.hubspot.tests.LoginPageTest"/>
  <testcase name="verifySignUpLink" time="1.565" classname="com.qa.hubspot.tests.LoginPageTest"/>
  <testcase name="loginTest" time="24.074" classname="com.qa.hubspot.tests.LoginPageTest"/>
</testsuite> <!-- HubSpot Fuctional Regression Test -->
