<?xml version="1.0" encoding="UTF-8"?>
<!-- Generated by org.testng.reporters.JUnitXMLReporter -->
<testsuite hostname="EACC33" name="Test" tests="8" failures="0" timestamp="21 Jul 2020 23:35:57 GMT" time="356.472" errors="0">
  <testcase name="verifyPageTitleTest" time="12.563" classname="com.qa.hubspot.tests.LoginPageTest"/>
  <testcase name="verifySignUpLink" time="2.035" classname="com.qa.hubspot.tests.LoginPageTest"/>
  <testcase name="loginTest" time="19.729" classname="com.qa.hubspot.tests.LoginPageTest"/>
  <testcase name="login_invalidTestCase" time="61.832" classname="com.qa.hubspot.tests.LoginPageTest"/>
  <testcase name="login_invalidTestCase" time="61.763" classname="com.qa.hubspot.tests.LoginPageTest"/>
  <testcase name="login_invalidTestCase" time="61.62" classname="com.qa.hubspot.tests.LoginPageTest"/>
  <testcase name="login_invalidTestCase" time="61.093" classname="com.qa.hubspot.tests.LoginPageTest"/>
  <testcase name="login_invalidTestCase" time="61.46" classname="com.qa.hubspot.tests.LoginPageTest"/>
</testsuite> <!-- Test -->
