<?xml version="1.0" encoding="UTF-8"?>
<!-- Generated by org.testng.reporters.JUnitXMLReporter -->
<testsuite hostname="EACC33" ignored="0" name="Command line test" tests="13" failures="0" timestamp="2020-07-18T14:16:53 EDT" time="407.045" errors="0">
  <testcase name="verifyContactsPageTitle" time="2.124" classname="com.qa.hubspot.tests.ContactsPageTest"/>
  <testcase name="createContactsTest" time="0.0" classname="com.qa.hubspot.tests.ContactsPageTest">
    <skipped/>
  </testcase> <!-- createContactsTest -->
  <testcase name="verifyHomePageTitle" time="0.104" classname="com.qa.hubspot.tests.HomePageTest"/>
  <testcase name="verifyHomePageHeader" time="0.859" classname="com.qa.hubspot.tests.HomePageTest"/>
  <testcase name="verifyUserAccountName" time="0.739" classname="com.qa.hubspot.tests.HomePageTest"/>
  <testcase name="verifyPageTitleTest" time="0.046" classname="com.qa.hubspot.tests.LoginPageTest"/>
  <testcase name="verifySignUpLink" time="0.857" classname="com.qa.hubspot.tests.LoginPageTest"/>
  <testcase name="loginTest" time="8.463" classname="com.qa.hubspot.tests.LoginPageTest"/>
  <testcase name="login_invalidTestCase" time="60.971" classname="com.qa.hubspot.tests.LoginPageTest"/>
  <testcase name="login_invalidTestCase" time="60.849" classname="com.qa.hubspot.tests.LoginPageTest"/>
  <testcase name="login_invalidTestCase" time="60.872" classname="com.qa.hubspot.tests.LoginPageTest"/>
  <testcase name="login_invalidTestCase" time="60.857" classname="com.qa.hubspot.tests.LoginPageTest"/>
  <testcase name="login_invalidTestCase" time="60.815" classname="com.qa.hubspot.tests.LoginPageTest"/>
</testsuite> <!-- Command line test -->
