<?xml version="1.0" encoding="UTF-8"?>
<testng-results skipped="1" failed="0" ignored="0" total="13" passed="12">
  <reporter-output>
  </reporter-output>
  <suite name="Command line suite" duration-ms="407045" started-at="2020-07-18T14:10:06 EDT" finished-at="2020-07-18T14:16:53 EDT">
    <groups>
    </groups>
    <test name="Command line test" duration-ms="407045" started-at="2020-07-18T14:10:06 EDT" finished-at="2020-07-18T14:16:53 EDT">
      <class name="com.qa.hubspot.tests.LoginPageTest">
        <test-method status="PASS" signature="setUp()[pri:0, instance:com.qa.hubspot.tests.LoginPageTest@72d818d1]" name="setUp" is-config="true" duration-ms="9363" started-at="2020-07-18T14:10:35 EDT" finished-at="2020-07-18T14:10:44 EDT">
          <reporter-output>
          </reporter-output>
        </test-method> <!-- setUp -->
        <test-method status="PASS" signature="verifyPageTitleTest()[pri:1, instance:com.qa.hubspot.tests.LoginPageTest@72d818d1]" name="verifyPageTitleTest" duration-ms="46" started-at="2020-07-18T14:11:37 EDT" description="Get title as HubSpot Login" finished-at="2020-07-18T14:11:37 EDT">
          <reporter-output>
          </reporter-output>
        </test-method> <!-- verifyPageTitleTest -->
        <test-method status="PASS" signature="verifySignUpLink()[pri:2, instance:com.qa.hubspot.tests.LoginPageTest@72d818d1]" name="verifySignUpLink" duration-ms="857" started-at="2020-07-18T14:11:37 EDT" description="Verify signup link in Login page" finished-at="2020-07-18T14:11:38 EDT">
          <reporter-output>
          </reporter-output>
        </test-method> <!-- verifySignUpLink -->
        <test-method status="PASS" signature="loginTest()[pri:3, instance:com.qa.hubspot.tests.LoginPageTest@72d818d1]" name="loginTest" duration-ms="8463" started-at="2020-07-18T14:11:38 EDT" description="Login page wrong credentials" finished-at="2020-07-18T14:11:46 EDT">
          <reporter-output>
          </reporter-output>
        </test-method> <!-- loginTest -->
        <test-method status="PASS" signature="login_invalidTestCase(java.lang.String, java.lang.String)[pri:4, instance:com.qa.hubspot.tests.LoginPageTest@72d818d1]" name="login_invalidTestCase" duration-ms="60971" started-at="2020-07-18T14:11:46 EDT" data-provider="getLoginInvalidData" finished-at="2020-07-18T14:12:47 EDT">
          <params>
            <param index="0">
              <value>
                <![CDATA[ammar@sample.com]]>
              </value>
            </param>
            <param index="1">
              <value>
                <![CDATA[123test456]]>
              </value>
            </param>
          </params>
          <reporter-output>
          </reporter-output>
        </test-method> <!-- login_invalidTestCase -->
        <test-method status="PASS" signature="login_invalidTestCase(java.lang.String, java.lang.String)[pri:4, instance:com.qa.hubspot.tests.LoginPageTest@72d818d1]" name="login_invalidTestCase" duration-ms="60849" started-at="2020-07-18T14:12:47 EDT" data-provider="getLoginInvalidData" finished-at="2020-07-18T14:13:48 EDT">
          <params>
            <param index="0">
              <value>
                <![CDATA[unal@sample.com]]>
              </value>
            </param>
            <param index="1">
              <value>
                <![CDATA[ ]]>
              </value>
            </param>
          </params>
          <reporter-output>
          </reporter-output>
        </test-method> <!-- login_invalidTestCase -->
        <test-method status="PASS" signature="login_invalidTestCase(java.lang.String, java.lang.String)[pri:4, instance:com.qa.hubspot.tests.LoginPageTest@72d818d1]" name="login_invalidTestCase" duration-ms="60872" started-at="2020-07-18T14:13:48 EDT" data-provider="getLoginInvalidData" finished-at="2020-07-18T14:14:49 EDT">
          <params>
            <param index="0">
              <value>
                <![CDATA[ ]]>
              </value>
            </param>
            <param index="1">
              <value>
                <![CDATA[123test456]]>
              </value>
            </param>
          </params>
          <reporter-output>
          </reporter-output>
        </test-method> <!-- login_invalidTestCase -->
        <test-method status="PASS" signature="login_invalidTestCase(java.lang.String, java.lang.String)[pri:4, instance:com.qa.hubspot.tests.LoginPageTest@72d818d1]" name="login_invalidTestCase" duration-ms="60857" started-at="2020-07-18T14:14:49 EDT" data-provider="getLoginInvalidData" finished-at="2020-07-18T14:15:50 EDT">
          <params>
            <param index="0">
              <value>
                <![CDATA[yummy]]>
              </value>
            </param>
            <param index="1">
              <value>
                <![CDATA[yummy]]>
              </value>
            </param>
          </params>
          <reporter-output>
          </reporter-output>
        </test-method> <!-- login_invalidTestCase -->
        <test-method status="PASS" signature="login_invalidTestCase(java.lang.String, java.lang.String)[pri:4, instance:com.qa.hubspot.tests.LoginPageTest@72d818d1]" name="login_invalidTestCase" duration-ms="60815" started-at="2020-07-18T14:15:50 EDT" data-provider="getLoginInvalidData" finished-at="2020-07-18T14:16:51 EDT">
          <params>
            <param index="0">
              <value>
                <![CDATA[ ]]>
              </value>
            </param>
            <param index="1">
              <value>
                <![CDATA[ ]]>
              </value>
            </param>
          </params>
          <reporter-output>
          </reporter-output>
        </test-method> <!-- login_invalidTestCase -->
        <test-method status="PASS" signature="tearDown()[pri:0, instance:com.qa.hubspot.tests.LoginPageTest@72d818d1]" name="tearDown" is-config="true" duration-ms="1005" started-at="2020-07-18T14:16:52 EDT" finished-at="2020-07-18T14:16:53 EDT">
          <reporter-output>
          </reporter-output>
        </test-method> <!-- tearDown -->
      </class> <!-- com.qa.hubspot.tests.LoginPageTest -->
      <class name="com.qa.hubspot.tests.ContactsPageTest">
        <test-method status="PASS" signature="setUp()[pri:0, instance:com.qa.hubspot.tests.ContactsPageTest@6e06451e]" name="setUp" is-config="true" duration-ms="44542" started-at="2020-07-18T14:10:45 EDT" finished-at="2020-07-18T14:11:29 EDT">
          <reporter-output>
          </reporter-output>
        </test-method> <!-- setUp -->
        <test-method status="PASS" signature="verifyContactsPageTitle()[pri:1, instance:com.qa.hubspot.tests.ContactsPageTest@6e06451e]" name="verifyContactsPageTitle" duration-ms="2124" started-at="2020-07-18T14:11:29 EDT" finished-at="2020-07-18T14:11:31 EDT">
          <reporter-output>
          </reporter-output>
        </test-method> <!-- verifyContactsPageTitle -->
        <test-method status="PASS" signature="tearDown()[pri:0, instance:com.qa.hubspot.tests.ContactsPageTest@6e06451e]" name="tearDown" is-config="true" duration-ms="2835" started-at="2020-07-18T14:11:31 EDT" finished-at="2020-07-18T14:11:34 EDT">
          <reporter-output>
          </reporter-output>
        </test-method> <!-- tearDown -->
        <test-method status="SKIP" signature="createContactsTest(java.lang.String, java.lang.String, java.lang.String, java.lang.String)[pri:2, instance:com.qa.hubspot.tests.ContactsPageTest@6e06451e]" name="createContactsTest" duration-ms="0" started-at="2020-07-18T14:11:35 EDT" data-provider="getContactsTestData" finished-at="2020-07-18T14:11:35 EDT">
          <exception class="java.lang.RuntimeException">
            <message>
              <![CDATA[java.lang.NullPointerException]]>
            </message>
            <full-stacktrace>
              <![CDATA[java.lang.RuntimeException: java.lang.NullPointerException
at org.testng.internal.MethodInvocationHelper.invokeMethodNoCheckedException(MethodInvocationHelper.java:51)
at org.testng.internal.MethodInvocationHelper.invokeDataProvider(MethodInvocationHelper.java:147)
at org.testng.internal.Parameters.handleParameters(Parameters.java:801)
at org.testng.internal.Parameters.handleParameters(Parameters.java:744)
at org.testng.internal.ParameterHandler.handleParameters(ParameterHandler.java:59)
at org.testng.internal.ParameterHandler.createParameters(ParameterHandler.java:38)
at org.testng.internal.TestInvoker$MethodInvocationAgent.invoke(TestInvoker.java:783)
at org.testng.internal.TestInvoker.invokeTestMethods(TestInvoker.java:146)
at org.testng.internal.TestMethodWorker.invokeTestMethods(TestMethodWorker.java:146)
at org.testng.internal.TestMethodWorker.run(TestMethodWorker.java:128)
at java.util.ArrayList.forEach(ArrayList.java:1257)
at org.testng.TestRunner.privateRun(TestRunner.java:766)
at org.testng.TestRunner.run(TestRunner.java:587)
at org.testng.SuiteRunner.runTest(SuiteRunner.java:384)
at org.testng.SuiteRunner.runSequentially(SuiteRunner.java:378)
at org.testng.SuiteRunner.privateRun(SuiteRunner.java:337)
at org.testng.SuiteRunner.run(SuiteRunner.java:286)
at org.testng.SuiteRunnerWorker.runSuite(SuiteRunnerWorker.java:53)
at org.testng.SuiteRunnerWorker.run(SuiteRunnerWorker.java:96)
at org.testng.TestNG.runSuitesSequentially(TestNG.java:1187)
at org.testng.TestNG.runSuitesLocally(TestNG.java:1109)
at org.testng.TestNG.runSuites(TestNG.java:1039)
at org.testng.TestNG.run(TestNG.java:1007)
at org.apache.maven.surefire.testng.TestNGExecutor.run(TestNGExecutor.java:77)
at org.apache.maven.surefire.testng.TestNGDirectoryTestSuite.executeMulti(TestNGDirectoryTestSuite.java:159)
at org.apache.maven.surefire.testng.TestNGDirectoryTestSuite.execute(TestNGDirectoryTestSuite.java:99)
at org.apache.maven.surefire.testng.TestNGProvider.invoke(TestNGProvider.java:106)
at sun.reflect.NativeMethodAccessorImpl.invoke0(Native Method)
at sun.reflect.NativeMethodAccessorImpl.invoke(NativeMethodAccessorImpl.java:62)
at sun.reflect.DelegatingMethodAccessorImpl.invoke(DelegatingMethodAccessorImpl.java:43)
at java.lang.reflect.Method.invoke(Method.java:498)
at org.apache.maven.surefire.util.ReflectionUtils.invokeMethodWithArray(ReflectionUtils.java:189)
at org.apache.maven.surefire.booter.ProviderFactory$ProviderProxy.invoke(ProviderFactory.java:165)
at org.apache.maven.surefire.booter.ProviderFactory.invokeProvider(ProviderFactory.java:85)
at org.apache.maven.surefire.booter.ForkedBooter.runSuitesInProcess(ForkedBooter.java:115)
at org.apache.maven.surefire.booter.ForkedBooter.main(ForkedBooter.java:75)
Caused by: java.lang.NullPointerException
at com.qa.hubspot.util.ExcelUtil.getTestData(ExcelUtil.java:32)
at com.qa.hubspot.tests.ContactsPageTest.getContactsTestData(ContactsPageTest.java:51)
at sun.reflect.NativeMethodAccessorImpl.invoke0(Native Method)
at sun.reflect.NativeMethodAccessorImpl.invoke(NativeMethodAccessorImpl.java:62)
at sun.reflect.DelegatingMethodAccessorImpl.invoke(DelegatingMethodAccessorImpl.java:43)
at java.lang.reflect.Method.invoke(Method.java:498)
at org.testng.internal.MethodInvocationHelper.invokeMethod(MethodInvocationHelper.java:134)
at org.testng.internal.MethodInvocationHelper.invokeMethod(MethodInvocationHelper.java:78)
at org.testng.internal.MethodInvocationHelper.invokeMethodNoCheckedException(MethodInvocationHelper.java:47)
... 35 more
]]>
            </full-stacktrace>
          </exception> <!-- java.lang.RuntimeException -->
          <reporter-output>
          </reporter-output>
        </test-method> <!-- createContactsTest -->
      </class> <!-- com.qa.hubspot.tests.ContactsPageTest -->
      <class name="com.qa.hubspot.tests.HomePageTest">
        <test-method status="PASS" signature="setUp()[pri:0, instance:com.qa.hubspot.tests.HomePageTest@27c20538]" name="setUp" is-config="true" duration-ms="29259" started-at="2020-07-18T14:10:06 EDT" finished-at="2020-07-18T14:10:35 EDT">
          <reporter-output>
          </reporter-output>
        </test-method> <!-- setUp -->
        <test-method status="PASS" signature="verifyHomePageTitle()[pri:1, instance:com.qa.hubspot.tests.HomePageTest@27c20538]" name="verifyHomePageTitle" duration-ms="104" started-at="2020-07-18T14:11:35 EDT" description="Homepage Title = Account Setup | HubSpot" finished-at="2020-07-18T14:11:35 EDT">
          <reporter-output>
          </reporter-output>
        </test-method> <!-- verifyHomePageTitle -->
        <test-method status="PASS" signature="verifyHomePageHeader()[pri:2, instance:com.qa.hubspot.tests.HomePageTest@27c20538]" name="verifyHomePageHeader" duration-ms="859" started-at="2020-07-18T14:11:35 EDT" description="Homepage Header = Thanks for choosing HubSpot" finished-at="2020-07-18T14:11:36 EDT">
          <reporter-output>
          </reporter-output>
        </test-method> <!-- verifyHomePageHeader -->
        <test-method status="PASS" signature="verifyUserAccountName()[pri:3, instance:com.qa.hubspot.tests.HomePageTest@27c20538]" name="verifyUserAccountName" duration-ms="739" started-at="2020-07-18T14:11:36 EDT" description="User Account Name = Teecs" finished-at="2020-07-18T14:11:37 EDT">
          <reporter-output>
          </reporter-output>
        </test-method> <!-- verifyUserAccountName -->
        <test-method status="PASS" signature="tearDown()[pri:0, instance:com.qa.hubspot.tests.HomePageTest@27c20538]" name="tearDown" is-config="true" duration-ms="1036" started-at="2020-07-18T14:16:51 EDT" finished-at="2020-07-18T14:16:52 EDT">
          <reporter-output>
          </reporter-output>
        </test-method> <!-- tearDown -->
      </class> <!-- com.qa.hubspot.tests.HomePageTest -->
    </test> <!-- Command line test -->
  </suite> <!-- Command line suite -->
</testng-results>
