<?xml version="1.0" encoding="UTF-8" ?>
<testsuite tests="13" failures="0" name="TestSuite" time="323.826" errors="0" skipped="1">
  <properties>
[...]
</properties>
  <testcase classname="com.qa.hubspot.tests.ContactsPageTest" name="verifyContactsPageTitle" time="2.134"/>
  <testcase classname="com.qa.hubspot.tests.ContactsPageTest" name="createContactsTest" time="6.333">
    <skipped/>
    <system-err>[Utils] [ERROR] [Error] java.lang.NullPointerException
	at com.qa.hubspot.util.ExcelUtil.getTestData(ExcelUtil.java:32)
	at com.qa.hubspot.tests.ContactsPageTest.getContactsTestData(ContactsPageTest.java:51)
	at sun.reflect.NativeMethodAccessorImpl.invoke0(Native Method)
	at sun.reflect.NativeMethodAccessorImpl.invoke(NativeMethodAccessorImpl.java:62)
	at sun.reflect.DelegatingMethodAccessorImpl.invoke(DelegatingMethodAccessorImpl.java:43)
	at java.lang.reflect.Method.invoke(Method.java:498)
	at org.testng.internal.MethodInvocationHelper.invokeMethod(MethodInvocationHelper.java:134)
	at org.testng.internal.MethodInvocationHelper.invokeMethod(MethodInvocationHelper.java:78)
	at org.testng.internal.MethodInvocationHelper.invokeMethodNoCheckedException(MethodInvocationHelper.java:47)
	at org.testng.internal.MethodInvocationHelper.invokeDataProvider(MethodInvocationHelper.java:147)
	at org.testng.internal.Parameters.handleParameters(Parameters.java:801)
	at org.testng.internal.Parameters.handleParameters(Parameters.java:744)
	at org.testng.internal.ParameterHandler.handleParameters(ParameterHandler.java:59)
	at org.testng.internal.ParameterHandler.createParameters(ParameterHandler.java:38)
	at org.testng.internal.TestInvoker$MethodInvocationAgent.invoke(TestInvoker.java:783)
	at org.testng.internal.TestInvoker.invokeTestMethods(TestInvoker.java:146)
	at org.testng.internal.TestMethodWorker.invokeTestMethods(TestMethodWorker.java:146)
	at org.testng.internal.TestMethodWorker.run(TestMethodWorker.java:128)
	at java.util.ArrayList.forEach(ArrayList.java:1257)
	at org.testng.TestRunner.privateRun(TestRunner.java:766)
	at org.testng.TestRunner.run(TestRunner.java:587)
	at org.testng.SuiteRunner.runTest(SuiteRunner.java:384)
	at org.testng.SuiteRunner.runSequentially(SuiteRunner.java:378)
	at org.testng.SuiteRunner.privateRun(SuiteRunner.java:337)
	at org.testng.SuiteRunner.run(SuiteRunner.java:286)
	at org.testng.SuiteRunnerWorker.runSuite(SuiteRunnerWorker.java:53)
	at org.testng.SuiteRunnerWorker.run(SuiteRunnerWorker.java:96)
	at org.testng.TestNG.runSuitesSequentially(TestNG.java:1187)
	at org.testng.TestNG.runSuitesLocally(TestNG.java:1109)
	at org.testng.TestNG.runSuites(TestNG.java:1039)
	at org.testng.TestNG.run(TestNG.java:1007)
	at org.apache.maven.surefire.testng.TestNGExecutor.run(TestNGExecutor.java:77)
	at org.apache.maven.surefire.testng.TestNGDirectoryTestSuite.executeMulti(TestNGDirectoryTestSuite.java:159)
	at org.apache.maven.surefire.testng.TestNGDirectoryTestSuite.execute(TestNGDirectoryTestSuite.java:99)
	at org.apache.maven.surefire.testng.TestNGProvider.invoke(TestNGProvider.java:106)
	at sun.reflect.NativeMethodAccessorImpl.invoke0(Native Method)
	at sun.reflect.NativeMethodAccessorImpl.invoke(NativeMethodAccessorImpl.java:62)
	at sun.reflect.DelegatingMethodAccessorImpl.invoke(DelegatingMethodAccessorImpl.java:43)
	at java.lang.reflect.Method.invoke(Method.java:498)
	at org.apache.maven.surefire.util.ReflectionUtils.invokeMethodWithArray(ReflectionUtils.java:189)
	at org.apache.maven.surefire.booter.ProviderFactory$ProviderProxy.invoke(ProviderFactory.java:165)
	at org.apache.maven.surefire.booter.ProviderFactory.invokeProvider(ProviderFactory.java:85)
	at org.apache.maven.surefire.booter.ForkedBooter.runSuitesInProcess(ForkedBooter.java:115)
	at org.apache.maven.surefire.booter.ForkedBooter.main(ForkedBooter.java:75)

</system-err>
  </testcase>
  <testcase classname="com.qa.hubspot.tests.HomePageTest" name="verifyHomePageTitle" time="0.032"/>
  <testcase classname="com.qa.hubspot.tests.HomePageTest" name="verifyHomePageHeader" time="0.863"/>
  <testcase classname="com.qa.hubspot.tests.HomePageTest" name="verifyUserAccountName" time="0.741"/>
  <testcase classname="com.qa.hubspot.tests.LoginPageTest" name="verifyPageTitleTest" time="0.037"/>
  <testcase classname="com.qa.hubspot.tests.LoginPageTest" name="verifySignUpLink" time="0.853"/>
  <testcase classname="com.qa.hubspot.tests.LoginPageTest" name="loginTest" time="8.467"/>
  <testcase classname="com.qa.hubspot.tests.LoginPageTest" name="login_invalidTestCase" time="60.972"/>
  <testcase classname="com.qa.hubspot.tests.LoginPageTest" name="login_invalidTestCase" time="60.849"/>
  <testcase classname="com.qa.hubspot.tests.LoginPageTest" name="login_invalidTestCase" time="60.873"/>
  <testcase classname="com.qa.hubspot.tests.LoginPageTest" name="login_invalidTestCase" time="60.859"/>
  <testcase classname="com.qa.hubspot.tests.LoginPageTest" name="login_invalidTestCase" time="60.813"/>
</testsuite>